2023-02-13 22:02:99 INFO  LoginPage :43 - getting Text From : [[ChromeDriver: chrome on WINDOWS (615b4bcbaf666fd8c1a52ecb55db8c3e)] -> xpath: //h1[contains(text(),'Welcome, Please Sign In!')]]
2023-02-13 22:02:451 INFO  LoginPage :43 - getting Text From : [[ChromeDriver: chrome on WINDOWS (9c125ddeb6b0491f453e9c85d02434f6)] -> xpath: //h1[contains(text(),'Welcome, Please Sign In!')]]
2023-02-13 22:02:09 INFO  LoginPage :43 - getting Text From : [[ChromeDriver: chrome on WINDOWS (ce20a4d63bb0c0a11cd91195d8c345b9)] -> xpath: //h1[contains(text(),'Welcome, Please Sign In!')]]
2023-02-13 22:02:857 INFO  LoginPage :43 - getting Text From : [[ChromeDriver: chrome on WINDOWS (5b1eae331bd8906a5bcd46a72f0d3b48)] -> xpath: //h1[contains(text(),'Welcome, Please Sign In!')]]
2023-02-13 22:02:159 INFO  LoginPage :47 - getting Text From : Proxy element for: DefaultElementLocator 'By.xpath: //div[@class='message-error validation-summary-errors']'
2023-02-13 22:02:516 INFO  LoginPage :47 - getting Text From : [[ChromeDriver: chrome on WINDOWS (36ca005854a57e40e63d218c3a1d19eb)] -> xpath: //div[@class='message-error validation-summary-errors']]
2023-02-13 22:02:43 INFO  LoginPage :51 - getting Text From : [[ChromeDriver: chrome on WINDOWS (9a0bc3a66578595b3cbff928b65519ea)] -> xpath: //a[@class='ico-logout']]
2023-02-13 23:02:00 INFO  LoginPage :51 - getting Text From : [[ChromeDriver: chrome on WINDOWS (dc007ba362ca3e62455ce03e83c3ddcf)] -> xpath: //a[@class='ico-logout']]
2023-02-13 23:02:769 INFO  HomePage :42 - getting Text From : [[ChromeDriver: chrome on WINDOWS (dc007ba362ca3e62455ce03e83c3ddcf)] -> link text: Log in]
2023-02-14 22:02:36 INFO  LoginPage :43 - getting Text From : [[ChromeDriver: chrome on WINDOWS (1db51e113bdfb430a26357975b782e23)] -> xpath: //h1[contains(text(),'Welcome, Please Sign In!')]]
2023-02-15 12:02:414 INFO  LoginPage :39 - getting text from : [[ChromeDriver: chrome on WINDOWS (8820fac058e3e4f2d4d7c7534cc2c7b1)] -> xpath: //div[@class='page-title']]
2023-02-15 12:02:147 INFO  LoginPage :39 - getting text from : [[ChromeDriver: chrome on WINDOWS (9b38dcf783acf56ef4cbb2a44354ab57)] -> xpath: //div[@class='page-title']]
2023-02-15 12:02:611 INFO  LoginPage :39 - getting text from : [[ChromeDriver: chrome on WINDOWS (bd87f8ca88140c3bc4d79fbbc79e349f)] -> xpath: //div[@class='page-title']]
2023-02-15 12:02:133 INFO  LoginPage :39 - getting text from : [[ChromeDriver: chrome on WINDOWS (6003b8111a53b6a3437333c2d0fbb481)] -> xpath: //div[@class='page-title']]
2023-02-15 12:02:943 INFO  LoginPage :39 - getting text from : [[ChromeDriver: chrome on WINDOWS (2fbef054ddbca3ac5da32c79f60be5af)] -> xpath: //div[@class='page-title']]
2023-02-15 12:02:15 INFO  LoginPage :35 - getting text from : [[ChromeDriver: chrome on WINDOWS (2fc030b14a7e880b42aa4e36610e8a51)] -> class name: page-title]
2023-02-15 12:02:189 INFO  LoginPage :39 - getting text from : [[ChromeDriver: chrome on WINDOWS (a350f77c7fe13e470753905f32a65dfb)] -> xpath: //div[@class='page-title']]
2023-02-15 12:02:267 INFO  LoginPage :35 - getting text from : [[ChromeDriver: chrome on WINDOWS (f1d601d760bcd6fc28b098abeb2504ad)] -> class name: page-title]
2023-02-15 12:02:307 INFO  LoginPage :39 - getting text from : [[ChromeDriver: chrome on WINDOWS (501f1cd2d500891c2cd5a5c9e44eeeca)] -> xpath: //div[@class='page-title']]
2023-02-15 13:02:672 INFO  LoginPage :35 - getting text from : [[ChromeDriver: chrome on WINDOWS (59379055811bb906dd2eb1f52986d9f7)] -> class name: page-title]
2023-02-15 13:02:236 INFO  LoginPage :39 - getting text from : [[ChromeDriver: chrome on WINDOWS (9cd9f60b92c5befdb937f093dfff76fd)] -> xpath: //div[@class='page-title']]
2023-02-15 13:02:249 INFO  LoginPage :43 - getting Text From : [[ChromeDriver: chrome on WINDOWS (9cce46a970939047eb19a317b241bd13)] -> xpath: //h1[contains(text(),'Welcome, Please Sign In!')]]
2023-02-15 13:02:289 INFO  LoginPage :47 - getting Text From : [[ChromeDriver: chrome on WINDOWS (7b79383e6d600c03909783105415d369)] -> xpath: //div[@class='message-error validation-summary-errors']]
2023-02-15 13:02:253 INFO  LoginPage :51 - getting Text From : [[ChromeDriver: chrome on WINDOWS (ff8273d235196bed2a49466d45eb76ff)] -> xpath: //a[@class='ico-logout']]
2023-02-15 13:02:50 INFO  LoginPage :51 - getting Text From : [[ChromeDriver: chrome on WINDOWS (8b2d6c596a36b4b3b17d8eba574767ec)] -> xpath: //a[@class='ico-logout']]
2023-02-15 13:02:861 INFO  HomePage :42 - getting Text From : [[ChromeDriver: chrome on WINDOWS (8b2d6c596a36b4b3b17d8eba574767ec)] -> link text: Log in]
